<?xml version="1.0" encoding="UTF-8"?>
<testng-results skipped="0" failed="0" total="9" passed="9">
  <reporter-output>
  </reporter-output>
  <suite name="Default suite" duration-ms="4835" started-at="2017-09-29T06:33:23Z" finished-at="2017-09-29T06:33:28Z">
    <groups>
    </groups>
    <test name="Default test" duration-ms="4835" started-at="2017-09-29T06:33:23Z" finished-at="2017-09-29T06:33:28Z">
      <class name="com.scp.hinernateCrudOperations.TestBookImplTest">
        <test-method status="PASS" signature="testAddBooks(com.scp.entities.Book)[pri:0, instance:com.scp.hinernateCrudOperations.TestBookImplTest@548b7f67]" name="testAddBooks" duration-ms="2585" started-at="2017-09-29T12:03:23Z" data-provider="listOfBooks" finished-at="2017-09-29T12:03:25Z">
          <params>
            <param index="0">
              <value>
                <![CDATA[Book [bookId=1, bookName=Book1, authorName=Author1, bookPrice=100]]]>
              </value>
            </param>
          </params>
          <reporter-output>
          </reporter-output>
        </test-method> <!-- testAddBooks -->
        <test-method status="PASS" signature="testAddBooks(com.scp.entities.Book)[pri:0, instance:com.scp.hinernateCrudOperations.TestBookImplTest@548b7f67]" name="testAddBooks" duration-ms="151" started-at="2017-09-29T12:03:25Z" data-provider="listOfBooks" finished-at="2017-09-29T12:03:26Z">
          <params>
            <param index="0">
              <value>
                <![CDATA[Book [bookId=2, bookName=Book2, authorName=Author2, bookPrice=200]]]>
              </value>
            </param>
          </params>
          <reporter-output>
          </reporter-output>
        </test-method> <!-- testAddBooks -->
        <test-method status="PASS" signature="testAddBooks(com.scp.entities.Book)[pri:0, instance:com.scp.hinernateCrudOperations.TestBookImplTest@548b7f67]" name="testAddBooks" duration-ms="115" started-at="2017-09-29T12:03:26Z" data-provider="listOfBooks" finished-at="2017-09-29T12:03:26Z">
          <params>
            <param index="0">
              <value>
                <![CDATA[Book [bookId=3, bookName=Book3, authorName=Author3, bookPrice=400]]]>
              </value>
            </param>
          </params>
          <reporter-output>
          </reporter-output>
        </test-method> <!-- testAddBooks -->
        <test-method status="PASS" signature="testAddBooks(com.scp.entities.Book)[pri:0, instance:com.scp.hinernateCrudOperations.TestBookImplTest@548b7f67]" name="testAddBooks" duration-ms="117" started-at="2017-09-29T12:03:26Z" data-provider="listOfBooks" finished-at="2017-09-29T12:03:26Z">
          <params>
            <param index="0">
              <value>
                <![CDATA[Book [bookId=4, bookName=Book4, authorName=Author4, bookPrice=500]]]>
              </value>
            </param>
          </params>
          <reporter-output>
          </reporter-output>
        </test-method> <!-- testAddBooks -->
        <test-method status="PASS" signature="testAddBooks(com.scp.entities.Book)[pri:0, instance:com.scp.hinernateCrudOperations.TestBookImplTest@548b7f67]" name="testAddBooks" duration-ms="199" started-at="2017-09-29T12:03:26Z" data-provider="listOfBooks" finished-at="2017-09-29T12:03:26Z">
          <params>
            <param index="0">
              <value>
                <![CDATA[Book [bookId=5, bookName=Book5, authorName=Author5, bookPrice=700]]]>
              </value>
            </param>
          </params>
          <reporter-output>
          </reporter-output>
        </test-method> <!-- testAddBooks -->
        <test-method status="PASS" signature="testAddBooks(com.scp.entities.Book)[pri:0, instance:com.scp.hinernateCrudOperations.TestBookImplTest@548b7f67]" name="testAddBooks" duration-ms="124" started-at="2017-09-29T12:03:26Z" data-provider="listOfBooks" finished-at="2017-09-29T12:03:26Z">
          <params>
            <param index="0">
              <value>
                <![CDATA[Book [bookId=6, bookName=Book6, authorName=Author6, bookPrice=20]]]>
              </value>
            </param>
          </params>
          <reporter-output>
          </reporter-output>
        </test-method> <!-- testAddBooks -->
        <test-method status="PASS" signature="testExcetption()[pri:0, instance:com.scp.hinernateCrudOperations.TestBookImplTest@548b7f67]" name="testExcetption" duration-ms="53" started-at="2017-09-29T12:03:26Z" finished-at="2017-09-29T12:03:26Z">
          <exception class="com.scp.implementation.SpecifiedBookNotFoundException">
            <message>
              <![CDATA[Book nhiye..]]>
            </message>
            <full-stacktrace>
              <![CDATA[com.scp.implementation.SpecifiedBookNotFoundException: Book nhiye..
	at com.scp.implementation.BookCrudOpImpl.getBooks(BookCrudOpImpl.java:41)
	at com.scp.hinernateCrudOperations.TestBookImplTest.testExcetption(TestBookImplTest.java:55)
	at sun.reflect.NativeMethodAccessorImpl.invoke0(Native Method)
	at sun.reflect.NativeMethodAccessorImpl.invoke(Unknown Source)
	at sun.reflect.DelegatingMethodAccessorImpl.invoke(Unknown Source)
	at java.lang.reflect.Method.invoke(Unknown Source)
	at org.testng.internal.MethodInvocationHelper.invokeMethod(MethodInvocationHelper.java:86)
	at org.testng.internal.Invoker.invokeMethod(Invoker.java:643)
	at org.testng.internal.Invoker.invokeTestMethod(Invoker.java:820)
	at org.testng.internal.Invoker.invokeTestMethods(Invoker.java:1128)
	at org.testng.internal.TestMethodWorker.invokeTestMethods(TestMethodWorker.java:129)
	at org.testng.internal.TestMethodWorker.run(TestMethodWorker.java:112)
	at org.testng.TestRunner.privateRun(TestRunner.java:782)
	at org.testng.TestRunner.run(TestRunner.java:632)
	at org.testng.SuiteRunner.runTest(SuiteRunner.java:366)
	at org.testng.SuiteRunner.runSequentially(SuiteRunner.java:361)
	at org.testng.SuiteRunner.privateRun(SuiteRunner.java:319)
	at org.testng.SuiteRunner.run(SuiteRunner.java:268)
	at org.testng.SuiteRunnerWorker.runSuite(SuiteRunnerWorker.java:52)
	at org.testng.SuiteRunnerWorker.run(SuiteRunnerWorker.java:86)
	at org.testng.TestNG.runSuitesSequentially(TestNG.java:1244)
	at org.testng.TestNG.runSuitesLocally(TestNG.java:1169)
	at org.testng.TestNG.run(TestNG.java:1064)
	at org.testng.remote.AbstractRemoteTestNG.run(AbstractRemoteTestNG.java:114)
	at org.testng.remote.RemoteTestNG.initAndRun(RemoteTestNG.java:251)
	at org.testng.remote.RemoteTestNG.main(RemoteTestNG.java:77)
]]>
            </full-stacktrace>
          </exception> <!-- com.scp.implementation.SpecifiedBookNotFoundException -->
          <reporter-output>
          </reporter-output>
        </test-method> <!-- testExcetption -->
        <test-method status="PASS" signature="testGetListOfBooks()[pri:0, instance:com.scp.hinernateCrudOperations.TestBookImplTest@548b7f67]" name="testGetListOfBooks" duration-ms="1008" started-at="2017-09-29T12:03:26Z" finished-at="2017-09-29T12:03:27Z">
          <reporter-output>
          </reporter-output>
        </test-method> <!-- testGetListOfBooks -->
        <test-method status="PASS" signature="testUpdate()[pri:0, instance:com.scp.hinernateCrudOperations.TestBookImplTest@548b7f67]" name="testUpdate" duration-ms="407" started-at="2017-09-29T12:03:27Z" finished-at="2017-09-29T12:03:28Z">
          <reporter-output>
          </reporter-output>
        </test-method> <!-- testUpdate -->
      </class> <!-- com.scp.hinernateCrudOperations.TestBookImplTest -->
    </test> <!-- Default test -->
  </suite> <!-- Default suite -->
</testng-results>
